2023-09-06 20:13:25,571 =============================================================
2023-09-06 20:13:25,571 =============================================================
2023-09-06 20:13:25,571 Today is 2023-09-06 at 08:13 PM
2023-09-06 20:13:25,596 This file is running on: nt Windows 10
2023-09-06 20:13:25,596 The Python version is: 3.11.4
2023-09-06 20:13:25,596 The active conda environment is:  None
2023-09-06 20:13:25,596 The active pip environment is:    None
2023-09-06 20:13:25,596 The active environment path is:   C:\Python311
2023-09-06 20:13:25,596 The current working directory is: C:\Users\Josiah Randleman\Documents\Northwest\datafun-03-datatypes
2023-09-06 20:13:25,596 This source file is in:           c:\Users\Josiah Randleman\Documents\Northwest\datafun-03-datatypes
2023-09-06 20:13:25,596 =============================================================
2023-09-06 20:13:25,597 =============================================================
2023-09-06 20:13:25,598 ---------------------------------
2023-09-06 20:13:25,598 List1 Mean: 55.75
2023-09-06 20:13:25,598 ListX Mean: 4.5
2023-09-06 20:13:25,598 ListY Mean: 12.6
2023-09-06 20:13:25,598 ---------------------------------
2023-09-06 20:13:25,598 List1 Median: 55.5
2023-09-06 20:13:25,598 ListX Median: 4.5
2023-09-06 20:13:25,598 ListY Median: 12.5
2023-09-06 20:13:25,598 ---------------------------------
2023-09-06 20:13:25,598 List1 Mode: 3
2023-09-06 20:13:25,598 ListX Mode: 0
2023-09-06 20:13:25,598 ListY Mode: 2
2023-09-06 20:13:25,598 ---------------------------------
2023-09-06 20:13:25,598 List1 Standard Deviation: 33.45676707570375
2023-09-06 20:13:25,598 ListX Standard Deviation: 3.0276503540974917
2023-09-06 20:13:25,598 ListY Standard Deviation: 7.574812062208394
2023-09-06 20:13:25,598 ---------------------------------
2023-09-06 20:13:25,598 List1 Variance: 1119.3552631578948
2023-09-06 20:13:25,598 ListX Variance: 9.166666666666666
2023-09-06 20:13:25,598 ListY Variance: 57.37777777777778
2023-09-06 20:13:25,598 ---------------------------------
2023-09-06 20:13:25,598 ---------------------------------
2023-09-06 20:13:25,598 ListX: [0, 1, 2, 3, 4, 5, 6, 7, 8, 9]
2023-09-06 20:13:25,598 ListY:[2, 4, 6, 8, 11, 14, 17, 19, 21, 24]
2023-09-06 20:13:25,598 Correlation between ListX and ListY = 1.00
2023-09-06 20:13:25,599 ---------------------------------
2023-09-06 20:13:25,599 Slope of ListX and ListY: 2.496969696969697
2023-09-06 20:13:25,599 Intercept of ListX and ListY:1.3636363636363633
2023-09-06 20:13:25,599 ---------------------------------
2023-09-06 20:13:25,599 Let's use our best fit line to PREDICT a future value.
2023-09-06 20:13:25,599 At future x = 15,
2023-09-06 20:13:25,599 We predict the value of y will be 39.
2023-09-06 20:13:25,599 ---------------------------------
2023-09-06 20:13:25,599 Minimum of List1 = 3,
2023-09-06 20:13:25,599 Minimum of ListX = 0,
2023-09-06 20:13:25,599 Minimum of ListY = 2,
2023-09-06 20:13:25,599 ---------------------------------
2023-09-06 20:13:25,599 Maximum of List1 = 110,
2023-09-06 20:13:25,599 Maximum of ListX = 9,
2023-09-06 20:13:25,599 Maximum of ListY = 24,
2023-09-06 20:13:25,599 ---------------------------------
2023-09-06 20:13:25,599 Length of List1 = 20,
2023-09-06 20:13:25,599 Length of ListX = 10,
2023-09-06 20:13:25,599 Length of ListY = 10,
2023-09-06 20:13:25,599 ---------------------------------
2023-09-06 20:13:25,599 Sum of List1 = 1115,
2023-09-06 20:13:25,599 Sum of ListX = 45,
2023-09-06 20:13:25,599 Sum of ListY = 126,
2023-09-06 20:13:25,599 ---------------------------------
2023-09-06 20:13:25,599 Average of List1 = 55.75,
2023-09-06 20:13:25,599 Average of ListX = 4.50,
2023-09-06 20:13:25,599 Average of ListY = 12.60,
2023-09-06 20:13:25,599 ---------------------------------
2023-09-06 20:13:25,599 Unique Elements of List1 = {3, 7, 12, 19, 24, 31, 36, 42, 49, 53, 58, 63, 70, 76, 82, 88, 92, 97, 103, 110},
2023-09-06 20:13:25,600 Unique Elements of ListX = {0, 1, 2, 3, 4, 5, 6, 7, 8, 9},
2023-09-06 20:13:25,600 Unique Elements of ListY = {2, 4, 6, 8, 11, 14, 17, 19, 21, 24},
2023-09-06 20:13:25,600 ---------------------------------
2023-09-06 20:13:25,600 Sorted List1 = [3, 7, 12, 19, 24, 31, 36, 42, 49, 53, 58, 63, 70, 76, 82, 88, 92, 97, 103, 110],
2023-09-06 20:13:25,600 Sorted ListX = [0, 1, 2, 3, 4, 5, 6, 7, 8, 9],
2023-09-06 20:13:25,600 Sorted ListY = [2, 4, 6, 8, 11, 14, 17, 19, 21, 24],
2023-09-06 20:13:25,600 ---------------------------------
2023-09-06 20:13:25,600 Sorted in Descending List1 = [110, 103, 97, 92, 88, 82, 76, 70, 63, 58, 53, 49, 42, 36, 31, 24, 19, 12, 7, 3],
2023-09-06 20:13:25,600 Sorted in Descending ListX = [9, 8, 7, 6, 5, 4, 3, 2, 1, 0],
2023-09-06 20:13:25,600 Sorted in Descending ListY = [24, 21, 19, 17, 14, 11, 8, 6, 4, 2],
2023-09-06 20:13:25,600 ---------------------------------
2023-09-06 20:13:25,600 Lst = [5, 2, 3, 4, 1],
2023-09-06 20:13:25,600 After append(6), List = [5, 2, 3, 4, 1, 6],
2023-09-06 20:13:25,600 After extend([7, 8, 9]), List = [5, 2, 3, 4, 1, 6, 7, 8, 9],
2023-09-06 20:13:25,600 After insert(1, 15), List = [5, 15, 2, 3, 4, 1, 6, 7, 8, 9],
2023-09-06 20:13:25,600 After remove(5), List = [15, 2, 3, 4, 1, 6, 7, 8, 9],
2023-09-06 20:13:25,600 Count of 2 in List = 1,
2023-09-06 20:13:25,600 After sort(), List = [1, 2, 3, 4, 6, 7, 8, 9, 15],
2023-09-06 20:13:25,600 After sort(reverse=True), List = [15, 9, 8, 7, 6, 4, 3, 2, 1],
2023-09-06 20:13:25,600 Copy of List = [15, 9, 8, 7, 6, 4, 3, 2, 1],
2023-09-06 20:13:25,600 After pop(0), List = [9, 8, 7, 6, 4, 3, 2, 1], Popped Item = 15,
2023-09-06 20:13:25,600 After pop(), List = [9, 8, 7, 6, 4, 3, 2], Popped Item = 1,
2023-09-06 20:13:25,600 ---------------------------------
2023-09-06 20:13:25,600 Demo List: [0, 1, 2, 3, 4, 5, 6, 7, 8, 9],
2023-09-06 20:13:25,600 Filtered List (x < 4): [0, 1, 2, 3],
2023-09-06 20:13:25,600 Cube Root List: [0.0, 1.0, 1.2599210498948732, 1.4422495703074083, 1.5874010519681994, 1.7099759466766968, 1.8171205928321397, 1.912931182772389, 2.0, 2.080083823051904],
2023-09-06 20:13:25,601 Cube Volume List: [0, 1, 8, 27, 64, 125, 216, 343, 512, 729],
2023-09-06 20:13:25,601 ---------------------------------
2023-09-06 20:13:25,601 Filtered List via Comprehension (x < 4): [3],
2023-09-06 20:13:25,601 Tripled List via Comprehension: [9, 21, 36, 57, 72, 93, 108, 126, 147, 159, 174, 189, 210, 228, 246, 264, 276, 291, 309, 330],
2023-09-06 20:13:25,601 Custom Transformed List via Comprehension (x - 2): [1, 5, 10, 17, 22, 29, 34, 40, 47, 51, 56, 61, 68, 74, 80, 86, 90, 95, 101, 108],
2023-09-06 20:13:25,601 ---------------------------------
